<?xml version="1.0" encoding="UTF-8"?>
<!-- Generated by org.testng.reporters.JUnitReportReporter -->
<testsuite hostname="LAPTOP-A00CP6PV" failures="0" tests="4" name="comm.MyPlaylist.Test.MyPlaylistTest" time="0.012" errors="0" timestamp="2023-04-22T22:55:06 IST" skipped="0">
  <testcase classname="comm.MyPlaylist.Test.MyPlaylistTest" name="addSongsPlayistOnlyAddsMaxCapacitySongs" time="0.008"/>
  <system-out/>
  <testcase classname="comm.MyPlaylist.Test.MyPlaylistTest" name="getLatestPlayedSong" time="0.002"/>
  <system-out/>
  <testcase classname="comm.MyPlaylist.Test.MyPlaylistTest" name="addSongsPlayistSongsAddedSuccesfully" time="0.001"/>
  <system-out/>
  <testcase classname="comm.MyPlaylist.Test.MyPlaylistTest" name="addSongsToPlayistMultiUser" time="0.001"/>
  <system-out/>
</testsuite> <!-- comm.MyPlaylist.Test.MyPlaylistTest -->
